<?xml version="1.0" encoding="UTF-8"?>
<!-- Generated by org.testng.reporters.JUnitXMLReporter -->
<testsuite hostname="hp-pc" ignored="0" name="Test" tests="3" failures="0" timestamp="2023-07-05T08:07:53 IST" time="70.053" errors="0">
  <testcase name="validateLoginFunctionality" time="5.86" classname="com.TestLayer.LoginPageTest"/>
  <testcase name="validateTitle" time="3.325" classname="com.TestLayer.LoginPageTest"/>
  <testcase name="validateUrl" time="0.027" classname="com.TestLayer.LoginPageTest"/>
</testsuite> <!-- Test -->
