<?xml version="1.0" encoding="UTF-8"?>
<testng-results skipped="0" failed="0" ignored="0" total="3" passed="3">
  <reporter-output>
  </reporter-output>
  <suite name="Free CRM Applicatin" duration-ms="70053" started-at="2023-07-05T08:06:39 IST" finished-at="2023-07-05T08:07:49 IST">
    <groups>
      <group name="Regression">
        <method signature="LoginPageTest.validateLoginFunctionality()[pri:1, instance:com.TestLayer.LoginPageTest@74a10858]" name="validateLoginFunctionality" class="com.TestLayer.LoginPageTest"/>
        <method signature="LoginPageTest.validateTitle()[pri:2, instance:com.TestLayer.LoginPageTest@74a10858]" name="validateTitle" class="com.TestLayer.LoginPageTest"/>
        <method signature="LoginPageTest.validateUrl()[pri:3, instance:com.TestLayer.LoginPageTest@74a10858]" name="validateUrl" class="com.TestLayer.LoginPageTest"/>
      </group> <!-- Regression -->
      <group name="LoginPage">
        <method signature="LoginPageTest.validateLoginFunctionality()[pri:1, instance:com.TestLayer.LoginPageTest@74a10858]" name="validateLoginFunctionality" class="com.TestLayer.LoginPageTest"/>
        <method signature="LoginPageTest.validateTitle()[pri:2, instance:com.TestLayer.LoginPageTest@74a10858]" name="validateTitle" class="com.TestLayer.LoginPageTest"/>
        <method signature="LoginPageTest.validateUrl()[pri:3, instance:com.TestLayer.LoginPageTest@74a10858]" name="validateUrl" class="com.TestLayer.LoginPageTest"/>
      </group> <!-- LoginPage -->
    </groups>
    <test name="Test" duration-ms="70053" started-at="2023-07-05T08:06:39 IST" finished-at="2023-07-05T08:07:49 IST">
      <class name="com.TestLayer.LoginPageTest">
        <test-method status="PASS" signature="setup()[pri:0, instance:com.TestLayer.LoginPageTest@74a10858]" name="setup" is-config="true" duration-ms="53032" started-at="2023-07-05T08:06:40 IST" finished-at="2023-07-05T08:07:33 IST">
          <reporter-output>
          </reporter-output>
        </test-method> <!-- setup -->
        <test-method status="PASS" signature="validateLoginFunctionality()[pri:1, instance:com.TestLayer.LoginPageTest@74a10858]" name="validateLoginFunctionality" duration-ms="5860" started-at="2023-07-05T08:07:33 IST" finished-at="2023-07-05T08:07:39 IST">
          <reporter-output>
          </reporter-output>
        </test-method> <!-- validateLoginFunctionality -->
        <test-method status="PASS" signature="validateTitle()[pri:2, instance:com.TestLayer.LoginPageTest@74a10858]" name="validateTitle" duration-ms="3325" started-at="2023-07-05T08:07:41 IST" finished-at="2023-07-05T08:07:45 IST">
          <reporter-output>
          </reporter-output>
        </test-method> <!-- validateTitle -->
        <test-method status="PASS" signature="validateUrl()[pri:3, instance:com.TestLayer.LoginPageTest@74a10858]" name="validateUrl" duration-ms="27" started-at="2023-07-05T08:07:45 IST" finished-at="2023-07-05T08:07:45 IST">
          <reporter-output>
          </reporter-output>
        </test-method> <!-- validateUrl -->
        <test-method status="PASS" signature="teardown()[pri:0, instance:com.TestLayer.LoginPageTest@74a10858]" name="teardown" is-config="true" duration-ms="3916" started-at="2023-07-05T08:07:45 IST" finished-at="2023-07-05T08:07:49 IST">
          <reporter-output>
          </reporter-output>
        </test-method> <!-- teardown -->
      </class> <!-- com.TestLayer.LoginPageTest -->
    </test> <!-- Test -->
  </suite> <!-- Free CRM Applicatin -->
</testng-results>
