<?xml version="1.0" encoding="UTF-8"?>
<!-- Generated by org.testng.reporters.JUnitXMLReporter -->
<testsuite ignored="0" hostname="hp-pc" failures="1" tests="3" name="Test" time="25.657" errors="0" timestamp="2023-05-26T08:15:57 IST">
  <testcase classname="com.TestLayer.LoginPageTest" name="validateLoginFunctionality" time="1.143"/>
  <testcase classname="com.TestLayer.LoginPageTest" name="validateTitle" time="3.052"/>
  <testcase classname="com.TestLayer.LoginPageTest" name="validateUrl" time="0.212">
    <failure type="java.lang.AssertionError" message="expected [false] but found [true]">
      <![CDATA[java.lang.AssertionError: expected [false] but found [true]
at com.TestLayer.LoginPageTest.validateUrl(LoginPageTest.java:35)
at java.base/java.util.ArrayList.forEach(ArrayList.java:1511)
... Removed 31 stack frames]]>
    </failure>
  </testcase> <!-- validateUrl -->
</testsuite> <!-- Test -->
